<?xml version="1.0" encoding="UTF-8"?>
<!DOCTYPE html PUBLIC "-//W3C//DTD XHTML 1.0 Strict//EN" "http://www.w3.org/TR/xhtml1/DTD/xhtml1-strict.dtd">
<html xmlns="http://www.w3.org/1999/xhtml">
<head>
    <title>测试结果</title>
    <meta name="generator" content="HTMLTestRunner 0.8.2"/>
    <meta http-equiv="Content-Type" content="text/html; charset=UTF-8"/>
    
<style type="text/css" media="screen">
body        { font-family: verdana, arial, helvetica, sans-serif; font-size: 80%; }
table       { font-size: 100%; }
pre         { }

/* -- heading ---------------------------------------------------------------------- */
h1 {
	font-size: 16pt;
	color: gray;
}
.heading {
    margin-top: 0ex;
    margin-bottom: 1ex;
}

.heading .attribute {
    margin-top: 1ex;
    margin-bottom: 0;
}

.heading .description {
    margin-top: 4ex;
    margin-bottom: 6ex;
}

/* -- css div popup ------------------------------------------------------------------------ */
a.popup_link {
}

a.popup_link:hover {
    color: red;
}

.popup_window {
    display: none;
    position: relative;
    left: 0px;
    top: 0px;
    /*border: solid #627173 1px; */
    padding: 10px;
    background-color: #E6E6D6;
    font-family: "Lucida Console", "Courier New", Courier, monospace;
    text-align: left;
    font-size: 8pt;
    width: 500px;
}

}
/* -- report ------------------------------------------------------------------------ */
#show_detail_line {
    margin-top: 3ex;
    margin-bottom: 1ex;
}
#result_table {
    width: 80%;
    border-collapse: collapse;
    border: 1px solid #777;
}
#header_row {
    font-weight: bold;
    color: white;
    background-color: #777;
}
#result_table td {
    border: 1px solid #777;
    padding: 2px;
}
#total_row  { font-weight: bold; }
.passClass  { background-color: #6c6; }
.failClass  { background-color: #c60; }
.errorClass { background-color: #c00; }
.passCase   { color: #6c6; }
.failCase   { color: #c60; font-weight: bold; }
.errorCase  { color: #c00; font-weight: bold; }
.hiddenRow  { display: none; }
.testcase   { margin-left: 2em; }


/* -- ending ---------------------------------------------------------------------- */
#ending {
}

</style>

</head>
<body>
<script language="javascript" type="text/javascript"><!--
output_list = Array();

/* level - 0:Summary; 1:Failed; 2:All */
function showCase(level) {
    trs = document.getElementsByTagName("tr");
    for (var i = 0; i < trs.length; i++) {
        tr = trs[i];
        id = tr.id;
        if (id.substr(0,2) == 'ft') {
            if (level < 1) {
                tr.className = 'hiddenRow';
            }
            else {
                tr.className = '';
            }
        }
        if (id.substr(0,2) == 'pt') {
            if (level > 1) {
                tr.className = '';
            }
            else {
                tr.className = 'hiddenRow';
            }
        }
    }
}


function showClassDetail(cid, count) {
    var id_list = Array(count);
    var toHide = 1;
    for (var i = 0; i < count; i++) {
        tid0 = 't' + cid.substr(1) + '.' + (i+1);
        tid = 'f' + tid0;
        tr = document.getElementById(tid);
        if (!tr) {
            tid = 'p' + tid0;
            tr = document.getElementById(tid);
        }
        id_list[i] = tid;
        if (tr.className) {
            toHide = 0;
        }
    }
    for (var i = 0; i < count; i++) {
        tid = id_list[i];
        if (toHide) {
            document.getElementById('div_'+tid).style.display = 'none'
            document.getElementById(tid).className = 'hiddenRow';
        }
        else {
            document.getElementById(tid).className = '';
        }
    }
}


function showTestDetail(div_id){
    var details_div = document.getElementById(div_id)
    var displayState = details_div.style.display
    // alert(displayState)
    if (displayState != 'block' ) {
        displayState = 'block'
        details_div.style.display = 'block'
    }
    else {
        details_div.style.display = 'none'
    }
}


function html_escape(s) {
    s = s.replace(/&/g,'&amp;');
    s = s.replace(/</g,'&lt;');
    s = s.replace(/>/g,'&gt;');
    return s;
}

/* obsoleted by detail in <div>
function showOutput(id, name) {
    var w = window.open("", //url
                    name,
                    "resizable,scrollbars,status,width=800,height=450");
    d = w.document;
    d.write("<pre>");
    d.write(html_escape(output_list[id]));
    d.write("\n");
    d.write("<a href='javascript:window.close()'>close</a>\n");
    d.write("</pre>\n");
    d.close();
}
*/
--></script>

<div class='heading'>
<h1>测试结果</h1>
<p class='attribute'><strong>Start Time:</strong> 2021-08-12 16:31:01</p>
<p class='attribute'><strong>Duration:</strong> 0:01:38.927526</p>
<p class='attribute'><strong>Status:</strong> Pass 1 Error 10</p>

<p class='description'>用例执行情况</p>
</div>



<p id='show_detail_line'>Show
<a href='javascript:showCase(0)'>Summary</a>
<a href='javascript:showCase(1)'>Failed</a>
<a href='javascript:showCase(2)'>All</a>
</p>
<table id='result_table'>
<colgroup>
<col align='left' />
<col align='right' />
<col align='right' />
<col align='right' />
<col align='right' />
<col align='right' />
</colgroup>
<tr id='header_row'>
    <td>Test Group/Test case</td>
    <td>Count</td>
    <td>Pass</td>
    <td>Fail</td>
    <td>Error</td>
    <td>View</td>
</tr>

<tr class='errorClass'>
    <td>course_model_test_wzk44.CourseModelTest: 4.0PC模板课程-创建</td>
    <td>11</td>
    <td>1</td>
    <td>0</td>
    <td>10</td>
    <td><a href="javascript:showClassDetail('c1',11)">Detail</a></td>
</tr>

<tr id='pt1.1' class='hiddenRow'>
    <td class='none'><div class='testcase'>test0001_create_sucess001: 4.0PC模板课程-创建成功：标准化课程</div></td>
    <td colspan='5' align='center'>

    <!--css div popup start-->
    <a class="popup_link" onfocus='this.blur();' href="javascript:showTestDetail('div_pt1.1')" >
        pass</a>

    <div id='div_pt1.1' class="popup_window">
        <div style='text-align: right; color:red;cursor:pointer'>
        <a onfocus='this.blur();' onclick="document.getElementById('div_pt1.1').style.display = 'none' " >
           [x]</a>
        </div>
        <pre>
        
pt1.1: 

        </pre>
    </div>
    <!--css div popup end-->

    </td>
</tr>

<tr id='ft1.2' class='none'>
    <td class='errorCase'><div class='testcase'>test0001_create_sucess002: 4.0PC模板课程-创建成功：个性化课程</div></td>
    <td colspan='5' align='center'>

    <!--css div popup start-->
    <a class="popup_link" onfocus='this.blur();' href="javascript:showTestDetail('div_ft1.2')" >
        error</a>

    <div id='div_ft1.2' class="popup_window">
        <div style='text-align: right; color:red;cursor:pointer'>
        <a onfocus='this.blur();' onclick="document.getElementById('div_ft1.2').style.display = 'none' " >
           [x]</a>
        </div>
        <pre>
        
ft1.2: Traceback (most recent call last):
  File "D:\wzk_python_selenium\PC4.0\testcase\course_model_test_wzk44.py", line 29, in test0001_create_sucess002
    create.create_course_model(course_type='个性化课程')
  File "D:\wzk_python_selenium\PC4.0\pages\course_model.py", line 94, in create_course_model
    group_id=group_id, total_hours=total_hours, summary=summary)  # 输入内容并创建模板课程
  File "D:\wzk_python_selenium\PC4.0\pages\course_model.py", line 73, in entry_course_model
    WebDriverWait(self.driver, 10, 0.5).until(ec.presence_of_element_located(self.course_model_name_loc)).send_keys(name)
  File "D:\Python\Python37\lib\site-packages\selenium\webdriver\remote\webelement.py", line 479, in send_keys
    'value': keys_to_typing(value)})
  File "D:\Python\Python37\lib\site-packages\selenium\webdriver\remote\webelement.py", line 628, in _execute
    return self._parent.execute(command, params)
  File "D:\Python\Python37\lib\site-packages\selenium\webdriver\remote\webdriver.py", line 312, in execute
    self.error_handler.check_response(response)
  File "D:\Python\Python37\lib\site-packages\selenium\webdriver\remote\errorhandler.py", line 242, in check_response
    raise exception_class(message, screen, stacktrace)
selenium.common.exceptions.ElementNotInteractableException: Message: element not interactable
  (Session info: chrome=92.0.4515.131)

Traceback (most recent call last):
  File "D:\wzk_python_selenium\PC4.0\testcase\course_model_test_wzk44.py", line 29, in test0001_create_sucess002
    create.create_course_model(course_type='个性化课程')
  File "D:\wzk_python_selenium\PC4.0\pages\course_model.py", line 94, in create_course_model
    group_id=group_id, total_hours=total_hours, summary=summary)  # 输入内容并创建模板课程
  File "D:\wzk_python_selenium\PC4.0\pages\course_model.py", line 73, in entry_course_model
    WebDriverWait(self.driver, 10, 0.5).until(ec.presence_of_element_located(self.course_model_name_loc)).send_keys(name)
  File "D:\Python\Python37\lib\site-packages\selenium\webdriver\remote\webelement.py", line 479, in send_keys
    'value': keys_to_typing(value)})
  File "D:\Python\Python37\lib\site-packages\selenium\webdriver\remote\webelement.py", line 628, in _execute
    return self._parent.execute(command, params)
  File "D:\Python\Python37\lib\site-packages\selenium\webdriver\remote\webdriver.py", line 312, in execute
    self.error_handler.check_response(response)
  File "D:\Python\Python37\lib\site-packages\selenium\webdriver\remote\errorhandler.py", line 242, in check_response
    raise exception_class(message, screen, stacktrace)
selenium.common.exceptions.ElementNotInteractableException: Message: element not interactable
  (Session info: chrome=92.0.4515.131)



        </pre>
    </div>
    <!--css div popup end-->

    </td>
</tr>

<tr id='ft1.3' class='none'>
    <td class='errorCase'><div class='testcase'>test0001_create_sucess003: 4.0PC模板课程-创建成功：创新课程</div></td>
    <td colspan='5' align='center'>

    <!--css div popup start-->
    <a class="popup_link" onfocus='this.blur();' href="javascript:showTestDetail('div_ft1.3')" >
        error</a>

    <div id='div_ft1.3' class="popup_window">
        <div style='text-align: right; color:red;cursor:pointer'>
        <a onfocus='this.blur();' onclick="document.getElementById('div_ft1.3').style.display = 'none' " >
           [x]</a>
        </div>
        <pre>
        
ft1.3: Traceback (most recent call last):
  File "D:\wzk_python_selenium\PC4.0\testcase\course_model_test_wzk44.py", line 35, in test0001_create_sucess003
    create.create_course_model(course_type='创新课程')
  File "D:\wzk_python_selenium\PC4.0\pages\course_model.py", line 94, in create_course_model
    group_id=group_id, total_hours=total_hours, summary=summary)  # 输入内容并创建模板课程
  File "D:\wzk_python_selenium\PC4.0\pages\course_model.py", line 73, in entry_course_model
    WebDriverWait(self.driver, 10, 0.5).until(ec.presence_of_element_located(self.course_model_name_loc)).send_keys(name)
  File "D:\Python\Python37\lib\site-packages\selenium\webdriver\remote\webelement.py", line 479, in send_keys
    'value': keys_to_typing(value)})
  File "D:\Python\Python37\lib\site-packages\selenium\webdriver\remote\webelement.py", line 628, in _execute
    return self._parent.execute(command, params)
  File "D:\Python\Python37\lib\site-packages\selenium\webdriver\remote\webdriver.py", line 312, in execute
    self.error_handler.check_response(response)
  File "D:\Python\Python37\lib\site-packages\selenium\webdriver\remote\errorhandler.py", line 242, in check_response
    raise exception_class(message, screen, stacktrace)
selenium.common.exceptions.ElementNotInteractableException: Message: element not interactable
  (Session info: chrome=92.0.4515.131)

Traceback (most recent call last):
  File "D:\wzk_python_selenium\PC4.0\testcase\course_model_test_wzk44.py", line 35, in test0001_create_sucess003
    create.create_course_model(course_type='创新课程')
  File "D:\wzk_python_selenium\PC4.0\pages\course_model.py", line 94, in create_course_model
    group_id=group_id, total_hours=total_hours, summary=summary)  # 输入内容并创建模板课程
  File "D:\wzk_python_selenium\PC4.0\pages\course_model.py", line 73, in entry_course_model
    WebDriverWait(self.driver, 10, 0.5).until(ec.presence_of_element_located(self.course_model_name_loc)).send_keys(name)
  File "D:\Python\Python37\lib\site-packages\selenium\webdriver\remote\webelement.py", line 479, in send_keys
    'value': keys_to_typing(value)})
  File "D:\Python\Python37\lib\site-packages\selenium\webdriver\remote\webelement.py", line 628, in _execute
    return self._parent.execute(command, params)
  File "D:\Python\Python37\lib\site-packages\selenium\webdriver\remote\webdriver.py", line 312, in execute
    self.error_handler.check_response(response)
  File "D:\Python\Python37\lib\site-packages\selenium\webdriver\remote\errorhandler.py", line 242, in check_response
    raise exception_class(message, screen, stacktrace)
selenium.common.exceptions.ElementNotInteractableException: Message: element not interactable
  (Session info: chrome=92.0.4515.131)



        </pre>
    </div>
    <!--css div popup end-->

    </td>
</tr>

<tr id='ft1.4' class='none'>
    <td class='errorCase'><div class='testcase'>test0002_create_fail001: 4.0PC模板课程-创建失败：课程名称不能为空</div></td>
    <td colspan='5' align='center'>

    <!--css div popup start-->
    <a class="popup_link" onfocus='this.blur();' href="javascript:showTestDetail('div_ft1.4')" >
        error</a>

    <div id='div_ft1.4' class="popup_window">
        <div style='text-align: right; color:red;cursor:pointer'>
        <a onfocus='this.blur();' onclick="document.getElementById('div_ft1.4').style.display = 'none' " >
           [x]</a>
        </div>
        <pre>
        
ft1.4: Traceback (most recent call last):
  File "D:\wzk_python_selenium\PC4.0\testcase\course_model_test_wzk44.py", line 42, in test0002_create_fail001
    create.create_course_model(name='', course_type='标准化课程')
  File "D:\wzk_python_selenium\PC4.0\pages\course_model.py", line 94, in create_course_model
    group_id=group_id, total_hours=total_hours, summary=summary)  # 输入内容并创建模板课程
  File "D:\wzk_python_selenium\PC4.0\pages\course_model.py", line 73, in entry_course_model
    WebDriverWait(self.driver, 10, 0.5).until(ec.presence_of_element_located(self.course_model_name_loc)).send_keys(name)
  File "D:\Python\Python37\lib\site-packages\selenium\webdriver\remote\webelement.py", line 479, in send_keys
    'value': keys_to_typing(value)})
  File "D:\Python\Python37\lib\site-packages\selenium\webdriver\remote\webelement.py", line 628, in _execute
    return self._parent.execute(command, params)
  File "D:\Python\Python37\lib\site-packages\selenium\webdriver\remote\webdriver.py", line 312, in execute
    self.error_handler.check_response(response)
  File "D:\Python\Python37\lib\site-packages\selenium\webdriver\remote\errorhandler.py", line 242, in check_response
    raise exception_class(message, screen, stacktrace)
selenium.common.exceptions.ElementNotInteractableException: Message: element not interactable
  (Session info: chrome=92.0.4515.131)

Traceback (most recent call last):
  File "D:\wzk_python_selenium\PC4.0\testcase\course_model_test_wzk44.py", line 42, in test0002_create_fail001
    create.create_course_model(name='', course_type='标准化课程')
  File "D:\wzk_python_selenium\PC4.0\pages\course_model.py", line 94, in create_course_model
    group_id=group_id, total_hours=total_hours, summary=summary)  # 输入内容并创建模板课程
  File "D:\wzk_python_selenium\PC4.0\pages\course_model.py", line 73, in entry_course_model
    WebDriverWait(self.driver, 10, 0.5).until(ec.presence_of_element_located(self.course_model_name_loc)).send_keys(name)
  File "D:\Python\Python37\lib\site-packages\selenium\webdriver\remote\webelement.py", line 479, in send_keys
    'value': keys_to_typing(value)})
  File "D:\Python\Python37\lib\site-packages\selenium\webdriver\remote\webelement.py", line 628, in _execute
    return self._parent.execute(command, params)
  File "D:\Python\Python37\lib\site-packages\selenium\webdriver\remote\webdriver.py", line 312, in execute
    self.error_handler.check_response(response)
  File "D:\Python\Python37\lib\site-packages\selenium\webdriver\remote\errorhandler.py", line 242, in check_response
    raise exception_class(message, screen, stacktrace)
selenium.common.exceptions.ElementNotInteractableException: Message: element not interactable
  (Session info: chrome=92.0.4515.131)



        </pre>
    </div>
    <!--css div popup end-->

    </td>
</tr>

<tr id='ft1.5' class='none'>
    <td class='errorCase'><div class='testcase'>test0002_create_fail002: 4.0PC模板课程-创建失败：课程名称不能超过60个字符</div></td>
    <td colspan='5' align='center'>

    <!--css div popup start-->
    <a class="popup_link" onfocus='this.blur();' href="javascript:showTestDetail('div_ft1.5')" >
        error</a>

    <div id='div_ft1.5' class="popup_window">
        <div style='text-align: right; color:red;cursor:pointer'>
        <a onfocus='this.blur();' onclick="document.getElementById('div_ft1.5').style.display = 'none' " >
           [x]</a>
        </div>
        <pre>
        
ft1.5: Traceback (most recent call last):
  File "D:\wzk_python_selenium\PC4.0\testcase\course_model_test_wzk44.py", line 50, in test0002_create_fail002
    create.create_course_model(name='namenamenamenamenamenamenamenamenamenamenamenamenamenamenamenamenamenamenamename', course_type='标准化课程')
  File "D:\wzk_python_selenium\PC4.0\pages\course_model.py", line 94, in create_course_model
    group_id=group_id, total_hours=total_hours, summary=summary)  # 输入内容并创建模板课程
  File "D:\wzk_python_selenium\PC4.0\pages\course_model.py", line 73, in entry_course_model
    WebDriverWait(self.driver, 10, 0.5).until(ec.presence_of_element_located(self.course_model_name_loc)).send_keys(name)
  File "D:\Python\Python37\lib\site-packages\selenium\webdriver\remote\webelement.py", line 479, in send_keys
    'value': keys_to_typing(value)})
  File "D:\Python\Python37\lib\site-packages\selenium\webdriver\remote\webelement.py", line 628, in _execute
    return self._parent.execute(command, params)
  File "D:\Python\Python37\lib\site-packages\selenium\webdriver\remote\webdriver.py", line 312, in execute
    self.error_handler.check_response(response)
  File "D:\Python\Python37\lib\site-packages\selenium\webdriver\remote\errorhandler.py", line 242, in check_response
    raise exception_class(message, screen, stacktrace)
selenium.common.exceptions.ElementNotInteractableException: Message: element not interactable
  (Session info: chrome=92.0.4515.131)

Traceback (most recent call last):
  File "D:\wzk_python_selenium\PC4.0\testcase\course_model_test_wzk44.py", line 50, in test0002_create_fail002
    create.create_course_model(name='namenamenamenamenamenamenamenamenamenamenamenamenamenamenamenamenamenamenamename', course_type='标准化课程')
  File "D:\wzk_python_selenium\PC4.0\pages\course_model.py", line 94, in create_course_model
    group_id=group_id, total_hours=total_hours, summary=summary)  # 输入内容并创建模板课程
  File "D:\wzk_python_selenium\PC4.0\pages\course_model.py", line 73, in entry_course_model
    WebDriverWait(self.driver, 10, 0.5).until(ec.presence_of_element_located(self.course_model_name_loc)).send_keys(name)
  File "D:\Python\Python37\lib\site-packages\selenium\webdriver\remote\webelement.py", line 479, in send_keys
    'value': keys_to_typing(value)})
  File "D:\Python\Python37\lib\site-packages\selenium\webdriver\remote\webelement.py", line 628, in _execute
    return self._parent.execute(command, params)
  File "D:\Python\Python37\lib\site-packages\selenium\webdriver\remote\webdriver.py", line 312, in execute
    self.error_handler.check_response(response)
  File "D:\Python\Python37\lib\site-packages\selenium\webdriver\remote\errorhandler.py", line 242, in check_response
    raise exception_class(message, screen, stacktrace)
selenium.common.exceptions.ElementNotInteractableException: Message: element not interactable
  (Session info: chrome=92.0.4515.131)



        </pre>
    </div>
    <!--css div popup end-->

    </td>
</tr>

<tr id='ft1.6' class='none'>
    <td class='errorCase'><div class='testcase'>test0003_create_fail001: 4.0PC模板课程-创建失败：关键字不能为空</div></td>
    <td colspan='5' align='center'>

    <!--css div popup start-->
    <a class="popup_link" onfocus='this.blur();' href="javascript:showTestDetail('div_ft1.6')" >
        error</a>

    <div id='div_ft1.6' class="popup_window">
        <div style='text-align: right; color:red;cursor:pointer'>
        <a onfocus='this.blur();' onclick="document.getElementById('div_ft1.6').style.display = 'none' " >
           [x]</a>
        </div>
        <pre>
        
ft1.6: Traceback (most recent call last):
  File "D:\wzk_python_selenium\PC4.0\testcase\course_model_test_wzk44.py", line 58, in test0003_create_fail001
    create.create_course_model(keyword='', course_type='标准化课程')
  File "D:\wzk_python_selenium\PC4.0\pages\course_model.py", line 94, in create_course_model
    group_id=group_id, total_hours=total_hours, summary=summary)  # 输入内容并创建模板课程
  File "D:\wzk_python_selenium\PC4.0\pages\course_model.py", line 73, in entry_course_model
    WebDriverWait(self.driver, 10, 0.5).until(ec.presence_of_element_located(self.course_model_name_loc)).send_keys(name)
  File "D:\Python\Python37\lib\site-packages\selenium\webdriver\remote\webelement.py", line 479, in send_keys
    'value': keys_to_typing(value)})
  File "D:\Python\Python37\lib\site-packages\selenium\webdriver\remote\webelement.py", line 628, in _execute
    return self._parent.execute(command, params)
  File "D:\Python\Python37\lib\site-packages\selenium\webdriver\remote\webdriver.py", line 312, in execute
    self.error_handler.check_response(response)
  File "D:\Python\Python37\lib\site-packages\selenium\webdriver\remote\errorhandler.py", line 242, in check_response
    raise exception_class(message, screen, stacktrace)
selenium.common.exceptions.ElementNotInteractableException: Message: element not interactable
  (Session info: chrome=92.0.4515.131)

Traceback (most recent call last):
  File "D:\wzk_python_selenium\PC4.0\testcase\course_model_test_wzk44.py", line 58, in test0003_create_fail001
    create.create_course_model(keyword='', course_type='标准化课程')
  File "D:\wzk_python_selenium\PC4.0\pages\course_model.py", line 94, in create_course_model
    group_id=group_id, total_hours=total_hours, summary=summary)  # 输入内容并创建模板课程
  File "D:\wzk_python_selenium\PC4.0\pages\course_model.py", line 73, in entry_course_model
    WebDriverWait(self.driver, 10, 0.5).until(ec.presence_of_element_located(self.course_model_name_loc)).send_keys(name)
  File "D:\Python\Python37\lib\site-packages\selenium\webdriver\remote\webelement.py", line 479, in send_keys
    'value': keys_to_typing(value)})
  File "D:\Python\Python37\lib\site-packages\selenium\webdriver\remote\webelement.py", line 628, in _execute
    return self._parent.execute(command, params)
  File "D:\Python\Python37\lib\site-packages\selenium\webdriver\remote\webdriver.py", line 312, in execute
    self.error_handler.check_response(response)
  File "D:\Python\Python37\lib\site-packages\selenium\webdriver\remote\errorhandler.py", line 242, in check_response
    raise exception_class(message, screen, stacktrace)
selenium.common.exceptions.ElementNotInteractableException: Message: element not interactable
  (Session info: chrome=92.0.4515.131)



        </pre>
    </div>
    <!--css div popup end-->

    </td>
</tr>

<tr id='ft1.7' class='none'>
    <td class='errorCase'><div class='testcase'>test0003_create_fail002: 4.0PC模板课程-创建失败：关键字不能超过60个字符</div></td>
    <td colspan='5' align='center'>

    <!--css div popup start-->
    <a class="popup_link" onfocus='this.blur();' href="javascript:showTestDetail('div_ft1.7')" >
        error</a>

    <div id='div_ft1.7' class="popup_window">
        <div style='text-align: right; color:red;cursor:pointer'>
        <a onfocus='this.blur();' onclick="document.getElementById('div_ft1.7').style.display = 'none' " >
           [x]</a>
        </div>
        <pre>
        
ft1.7: Traceback (most recent call last):
  File "D:\wzk_python_selenium\PC4.0\testcase\course_model_test_wzk44.py", line 66, in test0003_create_fail002
    create.create_course_model(keyword='keywordkeywordkeywordkeywordkeywordkeywordkeywordkeywordkeywordkeyword', course_type='标准化课程')
  File "D:\wzk_python_selenium\PC4.0\pages\course_model.py", line 94, in create_course_model
    group_id=group_id, total_hours=total_hours, summary=summary)  # 输入内容并创建模板课程
  File "D:\wzk_python_selenium\PC4.0\pages\course_model.py", line 73, in entry_course_model
    WebDriverWait(self.driver, 10, 0.5).until(ec.presence_of_element_located(self.course_model_name_loc)).send_keys(name)
  File "D:\Python\Python37\lib\site-packages\selenium\webdriver\remote\webelement.py", line 479, in send_keys
    'value': keys_to_typing(value)})
  File "D:\Python\Python37\lib\site-packages\selenium\webdriver\remote\webelement.py", line 628, in _execute
    return self._parent.execute(command, params)
  File "D:\Python\Python37\lib\site-packages\selenium\webdriver\remote\webdriver.py", line 312, in execute
    self.error_handler.check_response(response)
  File "D:\Python\Python37\lib\site-packages\selenium\webdriver\remote\errorhandler.py", line 242, in check_response
    raise exception_class(message, screen, stacktrace)
selenium.common.exceptions.ElementNotInteractableException: Message: element not interactable
  (Session info: chrome=92.0.4515.131)

Traceback (most recent call last):
  File "D:\wzk_python_selenium\PC4.0\testcase\course_model_test_wzk44.py", line 66, in test0003_create_fail002
    create.create_course_model(keyword='keywordkeywordkeywordkeywordkeywordkeywordkeywordkeywordkeywordkeyword', course_type='标准化课程')
  File "D:\wzk_python_selenium\PC4.0\pages\course_model.py", line 94, in create_course_model
    group_id=group_id, total_hours=total_hours, summary=summary)  # 输入内容并创建模板课程
  File "D:\wzk_python_selenium\PC4.0\pages\course_model.py", line 73, in entry_course_model
    WebDriverWait(self.driver, 10, 0.5).until(ec.presence_of_element_located(self.course_model_name_loc)).send_keys(name)
  File "D:\Python\Python37\lib\site-packages\selenium\webdriver\remote\webelement.py", line 479, in send_keys
    'value': keys_to_typing(value)})
  File "D:\Python\Python37\lib\site-packages\selenium\webdriver\remote\webelement.py", line 628, in _execute
    return self._parent.execute(command, params)
  File "D:\Python\Python37\lib\site-packages\selenium\webdriver\remote\webdriver.py", line 312, in execute
    self.error_handler.check_response(response)
  File "D:\Python\Python37\lib\site-packages\selenium\webdriver\remote\errorhandler.py", line 242, in check_response
    raise exception_class(message, screen, stacktrace)
selenium.common.exceptions.ElementNotInteractableException: Message: element not interactable
  (Session info: chrome=92.0.4515.131)



        </pre>
    </div>
    <!--css div popup end-->

    </td>
</tr>

<tr id='ft1.8' class='none'>
    <td class='errorCase'><div class='testcase'>test0004_create_fail001: 4.0PC模板课程-创建失败：总学时不能为空</div></td>
    <td colspan='5' align='center'>

    <!--css div popup start-->
    <a class="popup_link" onfocus='this.blur();' href="javascript:showTestDetail('div_ft1.8')" >
        error</a>

    <div id='div_ft1.8' class="popup_window">
        <div style='text-align: right; color:red;cursor:pointer'>
        <a onfocus='this.blur();' onclick="document.getElementById('div_ft1.8').style.display = 'none' " >
           [x]</a>
        </div>
        <pre>
        
ft1.8: Traceback (most recent call last):
  File "D:\wzk_python_selenium\PC4.0\testcase\course_model_test_wzk44.py", line 74, in test0004_create_fail001
    create.create_course_model(total_hours='', course_type='标准化课程')
  File "D:\wzk_python_selenium\PC4.0\pages\course_model.py", line 94, in create_course_model
    group_id=group_id, total_hours=total_hours, summary=summary)  # 输入内容并创建模板课程
  File "D:\wzk_python_selenium\PC4.0\pages\course_model.py", line 73, in entry_course_model
    WebDriverWait(self.driver, 10, 0.5).until(ec.presence_of_element_located(self.course_model_name_loc)).send_keys(name)
  File "D:\Python\Python37\lib\site-packages\selenium\webdriver\remote\webelement.py", line 479, in send_keys
    'value': keys_to_typing(value)})
  File "D:\Python\Python37\lib\site-packages\selenium\webdriver\remote\webelement.py", line 628, in _execute
    return self._parent.execute(command, params)
  File "D:\Python\Python37\lib\site-packages\selenium\webdriver\remote\webdriver.py", line 312, in execute
    self.error_handler.check_response(response)
  File "D:\Python\Python37\lib\site-packages\selenium\webdriver\remote\errorhandler.py", line 242, in check_response
    raise exception_class(message, screen, stacktrace)
selenium.common.exceptions.ElementNotInteractableException: Message: element not interactable
  (Session info: chrome=92.0.4515.131)

Traceback (most recent call last):
  File "D:\wzk_python_selenium\PC4.0\testcase\course_model_test_wzk44.py", line 74, in test0004_create_fail001
    create.create_course_model(total_hours='', course_type='标准化课程')
  File "D:\wzk_python_selenium\PC4.0\pages\course_model.py", line 94, in create_course_model
    group_id=group_id, total_hours=total_hours, summary=summary)  # 输入内容并创建模板课程
  File "D:\wzk_python_selenium\PC4.0\pages\course_model.py", line 73, in entry_course_model
    WebDriverWait(self.driver, 10, 0.5).until(ec.presence_of_element_located(self.course_model_name_loc)).send_keys(name)
  File "D:\Python\Python37\lib\site-packages\selenium\webdriver\remote\webelement.py", line 479, in send_keys
    'value': keys_to_typing(value)})
  File "D:\Python\Python37\lib\site-packages\selenium\webdriver\remote\webelement.py", line 628, in _execute
    return self._parent.execute(command, params)
  File "D:\Python\Python37\lib\site-packages\selenium\webdriver\remote\webdriver.py", line 312, in execute
    self.error_handler.check_response(response)
  File "D:\Python\Python37\lib\site-packages\selenium\webdriver\remote\errorhandler.py", line 242, in check_response
    raise exception_class(message, screen, stacktrace)
selenium.common.exceptions.ElementNotInteractableException: Message: element not interactable
  (Session info: chrome=92.0.4515.131)



        </pre>
    </div>
    <!--css div popup end-->

    </td>
</tr>

<tr id='ft1.9' class='none'>
    <td class='errorCase'><div class='testcase'>test0004_create_fail002: 4.0PC模板课程-创建失败：总学时必须为大于0的整数</div></td>
    <td colspan='5' align='center'>

    <!--css div popup start-->
    <a class="popup_link" onfocus='this.blur();' href="javascript:showTestDetail('div_ft1.9')" >
        error</a>

    <div id='div_ft1.9' class="popup_window">
        <div style='text-align: right; color:red;cursor:pointer'>
        <a onfocus='this.blur();' onclick="document.getElementById('div_ft1.9').style.display = 'none' " >
           [x]</a>
        </div>
        <pre>
        
ft1.9: Traceback (most recent call last):
  File "D:\wzk_python_selenium\PC4.0\testcase\course_model_test_wzk44.py", line 82, in test0004_create_fail002
    create.create_course_model(total_hours='hh', course_type='标准化课程')
  File "D:\wzk_python_selenium\PC4.0\pages\course_model.py", line 94, in create_course_model
    group_id=group_id, total_hours=total_hours, summary=summary)  # 输入内容并创建模板课程
  File "D:\wzk_python_selenium\PC4.0\pages\course_model.py", line 73, in entry_course_model
    WebDriverWait(self.driver, 10, 0.5).until(ec.presence_of_element_located(self.course_model_name_loc)).send_keys(name)
  File "D:\Python\Python37\lib\site-packages\selenium\webdriver\remote\webelement.py", line 479, in send_keys
    'value': keys_to_typing(value)})
  File "D:\Python\Python37\lib\site-packages\selenium\webdriver\remote\webelement.py", line 628, in _execute
    return self._parent.execute(command, params)
  File "D:\Python\Python37\lib\site-packages\selenium\webdriver\remote\webdriver.py", line 312, in execute
    self.error_handler.check_response(response)
  File "D:\Python\Python37\lib\site-packages\selenium\webdriver\remote\errorhandler.py", line 242, in check_response
    raise exception_class(message, screen, stacktrace)
selenium.common.exceptions.ElementNotInteractableException: Message: element not interactable
  (Session info: chrome=92.0.4515.131)

Traceback (most recent call last):
  File "D:\wzk_python_selenium\PC4.0\testcase\course_model_test_wzk44.py", line 82, in test0004_create_fail002
    create.create_course_model(total_hours='hh', course_type='标准化课程')
  File "D:\wzk_python_selenium\PC4.0\pages\course_model.py", line 94, in create_course_model
    group_id=group_id, total_hours=total_hours, summary=summary)  # 输入内容并创建模板课程
  File "D:\wzk_python_selenium\PC4.0\pages\course_model.py", line 73, in entry_course_model
    WebDriverWait(self.driver, 10, 0.5).until(ec.presence_of_element_located(self.course_model_name_loc)).send_keys(name)
  File "D:\Python\Python37\lib\site-packages\selenium\webdriver\remote\webelement.py", line 479, in send_keys
    'value': keys_to_typing(value)})
  File "D:\Python\Python37\lib\site-packages\selenium\webdriver\remote\webelement.py", line 628, in _execute
    return self._parent.execute(command, params)
  File "D:\Python\Python37\lib\site-packages\selenium\webdriver\remote\webdriver.py", line 312, in execute
    self.error_handler.check_response(response)
  File "D:\Python\Python37\lib\site-packages\selenium\webdriver\remote\errorhandler.py", line 242, in check_response
    raise exception_class(message, screen, stacktrace)
selenium.common.exceptions.ElementNotInteractableException: Message: element not interactable
  (Session info: chrome=92.0.4515.131)



        </pre>
    </div>
    <!--css div popup end-->

    </td>
</tr>

<tr id='ft1.10' class='none'>
    <td class='errorCase'><div class='testcase'>test0004_create_fail003: 4.0PC模板课程-创建失败：总学时必须为小于等于200的整数</div></td>
    <td colspan='5' align='center'>

    <!--css div popup start-->
    <a class="popup_link" onfocus='this.blur();' href="javascript:showTestDetail('div_ft1.10')" >
        error</a>

    <div id='div_ft1.10' class="popup_window">
        <div style='text-align: right; color:red;cursor:pointer'>
        <a onfocus='this.blur();' onclick="document.getElementById('div_ft1.10').style.display = 'none' " >
           [x]</a>
        </div>
        <pre>
        
ft1.10: Traceback (most recent call last):
  File "D:\wzk_python_selenium\PC4.0\testcase\course_model_test_wzk44.py", line 90, in test0004_create_fail003
    create.create_course_model(total_hours='10000', course_type='标准化课程')
  File "D:\wzk_python_selenium\PC4.0\pages\course_model.py", line 94, in create_course_model
    group_id=group_id, total_hours=total_hours, summary=summary)  # 输入内容并创建模板课程
  File "D:\wzk_python_selenium\PC4.0\pages\course_model.py", line 73, in entry_course_model
    WebDriverWait(self.driver, 10, 0.5).until(ec.presence_of_element_located(self.course_model_name_loc)).send_keys(name)
  File "D:\Python\Python37\lib\site-packages\selenium\webdriver\remote\webelement.py", line 479, in send_keys
    'value': keys_to_typing(value)})
  File "D:\Python\Python37\lib\site-packages\selenium\webdriver\remote\webelement.py", line 628, in _execute
    return self._parent.execute(command, params)
  File "D:\Python\Python37\lib\site-packages\selenium\webdriver\remote\webdriver.py", line 312, in execute
    self.error_handler.check_response(response)
  File "D:\Python\Python37\lib\site-packages\selenium\webdriver\remote\errorhandler.py", line 242, in check_response
    raise exception_class(message, screen, stacktrace)
selenium.common.exceptions.ElementNotInteractableException: Message: element not interactable
  (Session info: chrome=92.0.4515.131)

Traceback (most recent call last):
  File "D:\wzk_python_selenium\PC4.0\testcase\course_model_test_wzk44.py", line 90, in test0004_create_fail003
    create.create_course_model(total_hours='10000', course_type='标准化课程')
  File "D:\wzk_python_selenium\PC4.0\pages\course_model.py", line 94, in create_course_model
    group_id=group_id, total_hours=total_hours, summary=summary)  # 输入内容并创建模板课程
  File "D:\wzk_python_selenium\PC4.0\pages\course_model.py", line 73, in entry_course_model
    WebDriverWait(self.driver, 10, 0.5).until(ec.presence_of_element_located(self.course_model_name_loc)).send_keys(name)
  File "D:\Python\Python37\lib\site-packages\selenium\webdriver\remote\webelement.py", line 479, in send_keys
    'value': keys_to_typing(value)})
  File "D:\Python\Python37\lib\site-packages\selenium\webdriver\remote\webelement.py", line 628, in _execute
    return self._parent.execute(command, params)
  File "D:\Python\Python37\lib\site-packages\selenium\webdriver\remote\webdriver.py", line 312, in execute
    self.error_handler.check_response(response)
  File "D:\Python\Python37\lib\site-packages\selenium\webdriver\remote\errorhandler.py", line 242, in check_response
    raise exception_class(message, screen, stacktrace)
selenium.common.exceptions.ElementNotInteractableException: Message: element not interactable
  (Session info: chrome=92.0.4515.131)



        </pre>
    </div>
    <!--css div popup end-->

    </td>
</tr>

<tr id='ft1.11' class='none'>
    <td class='errorCase'><div class='testcase'>test0005_create_fail004: 4.0PC模板课程-创建失败：课程简介不能为空</div></td>
    <td colspan='5' align='center'>

    <!--css div popup start-->
    <a class="popup_link" onfocus='this.blur();' href="javascript:showTestDetail('div_ft1.11')" >
        error</a>

    <div id='div_ft1.11' class="popup_window">
        <div style='text-align: right; color:red;cursor:pointer'>
        <a onfocus='this.blur();' onclick="document.getElementById('div_ft1.11').style.display = 'none' " >
           [x]</a>
        </div>
        <pre>
        
ft1.11: Traceback (most recent call last):
  File "D:\wzk_python_selenium\PC4.0\testcase\course_model_test_wzk44.py", line 98, in test0005_create_fail004
    create.create_course_model(summary='', course_type='标准化课程')
  File "D:\wzk_python_selenium\PC4.0\pages\course_model.py", line 94, in create_course_model
    group_id=group_id, total_hours=total_hours, summary=summary)  # 输入内容并创建模板课程
  File "D:\wzk_python_selenium\PC4.0\pages\course_model.py", line 73, in entry_course_model
    WebDriverWait(self.driver, 10, 0.5).until(ec.presence_of_element_located(self.course_model_name_loc)).send_keys(name)
  File "D:\Python\Python37\lib\site-packages\selenium\webdriver\remote\webelement.py", line 479, in send_keys
    'value': keys_to_typing(value)})
  File "D:\Python\Python37\lib\site-packages\selenium\webdriver\remote\webelement.py", line 628, in _execute
    return self._parent.execute(command, params)
  File "D:\Python\Python37\lib\site-packages\selenium\webdriver\remote\webdriver.py", line 312, in execute
    self.error_handler.check_response(response)
  File "D:\Python\Python37\lib\site-packages\selenium\webdriver\remote\errorhandler.py", line 242, in check_response
    raise exception_class(message, screen, stacktrace)
selenium.common.exceptions.ElementNotInteractableException: Message: element not interactable
  (Session info: chrome=92.0.4515.131)

Traceback (most recent call last):
  File "D:\wzk_python_selenium\PC4.0\testcase\course_model_test_wzk44.py", line 98, in test0005_create_fail004
    create.create_course_model(summary='', course_type='标准化课程')
  File "D:\wzk_python_selenium\PC4.0\pages\course_model.py", line 94, in create_course_model
    group_id=group_id, total_hours=total_hours, summary=summary)  # 输入内容并创建模板课程
  File "D:\wzk_python_selenium\PC4.0\pages\course_model.py", line 73, in entry_course_model
    WebDriverWait(self.driver, 10, 0.5).until(ec.presence_of_element_located(self.course_model_name_loc)).send_keys(name)
  File "D:\Python\Python37\lib\site-packages\selenium\webdriver\remote\webelement.py", line 479, in send_keys
    'value': keys_to_typing(value)})
  File "D:\Python\Python37\lib\site-packages\selenium\webdriver\remote\webelement.py", line 628, in _execute
    return self._parent.execute(command, params)
  File "D:\Python\Python37\lib\site-packages\selenium\webdriver\remote\webdriver.py", line 312, in execute
    self.error_handler.check_response(response)
  File "D:\Python\Python37\lib\site-packages\selenium\webdriver\remote\errorhandler.py", line 242, in check_response
    raise exception_class(message, screen, stacktrace)
selenium.common.exceptions.ElementNotInteractableException: Message: element not interactable
  (Session info: chrome=92.0.4515.131)



        </pre>
    </div>
    <!--css div popup end-->

    </td>
</tr>

<tr id='total_row'>
    <td>Total</td>
    <td>11</td>
    <td>1</td>
    <td>0</td>
    <td>10</td>
    <td>&nbsp;</td>
</tr>
</table>

<div id='ending'>&nbsp;</div>

</body>
</html>
